<?xml version="1.0" encoding="UTF-8"?>
<TestRun id="4341f74d-0d73-42e5-aa3f-79d7ea0f8dd6" name="Leonardo@LEONARDO-PC 2011-03-06 17:36:43" runUser="Leonardo-PC\Leonardo" xmlns="http://microsoft.com/schemas/VisualStudio/TeamTest/2010">
  <TestSettings name="Default Test Settings" id="830a28bb-76b0-486e-981b-43c6e35f2c10">
    <Deployment runDeploymentRoot="Leonardo_LEONARDO-PC 2011-03-06 17_36_43">
      <DeploymentItem filename="c:\users\leonardo\documents\visual studio 2010\Projects\ArtigoTDD_TCC\ArtigoTDD_TCC\bin\ArtigoTDD_TCC.dll" />
      <DeploymentItem filename="c:\users\leonardo\documents\visual studio 2010\Projects\ArtigoTDD_TCC\packages\Moq.4.0.10827\lib\NET40\Moq.dll" />
    </Deployment>
    <Execution>
      <TestTypeSpecific />
      <AgentRule name="Execution Agents">
      </AgentRule>
    </Execution>
  </TestSettings>
  <Times creation="2011-03-06T17:36:43.5436568-03:00" queuing="2011-03-06T17:36:43.9456798-03:00" start="2011-03-06T17:36:43.9876822-03:00" finish="2011-03-06T17:36:45.0612364-03:00" />
  <ResultSummary outcome="Completed">
    <Counters total="2" executed="2" passed="2" error="0" failed="0" timeout="0" aborted="0" inconclusive="0" passedButRunAborted="0" notRunnable="0" notExecuted="0" disconnected="0" warning="0" completed="0" inProgress="0" pending="0" />
  </ResultSummary>
  <TestDefinitions>
    <UnitTest name="Informar_usuario_e_senha_validos_e_efetuar_o_login" storage="c:\users\leonardo\documents\visual studio 2010\projects\artigotdd_tcc\artigotdd_tcc.tests\bin\debug\artigotdd_tcc.tests.dll" id="9ce58a3a-6ac1-4335-0c94-9bf74f7f5c05">
      <Execution id="dcd7b910-97ad-4a1a-b377-d130b0742e96" />
      <TestMethod codeBase="c:/users/leonardo/documents/visual studio 2010/Projects/ArtigoTDD_TCC/ArtigoTDD_TCC.Tests/bin/Debug/ArtigoTDD_TCC.Tests.DLL" adapterTypeName="Microsoft.VisualStudio.TestTools.TestTypes.Unit.UnitTestAdapter, Microsoft.VisualStudio.QualityTools.Tips.UnitTest.Adapter, Version=10.0.0.0, Culture=neutral, PublicKeyToken=b03f5f7f11d50a3a" className="ArtigoTDD_TCC.Tests.Dominio.Login_Testes, ArtigoTDD_TCC.Tests, Version=1.0.0.0, Culture=neutral, PublicKeyToken=null" name="Informar_usuario_e_senha_validos_e_efetuar_o_login" />
    </UnitTest>
    <UnitTest name="Informar_usuario_e_ou_senha_invalidos_e_efetuar_falha_no_login" storage="c:\users\leonardo\documents\visual studio 2010\projects\artigotdd_tcc\artigotdd_tcc.tests\bin\debug\artigotdd_tcc.tests.dll" id="f0d27ebb-ab90-6625-a725-b12e034b23d1">
      <Execution id="cd61b721-507f-4053-aace-d8b7c7112f07" />
      <TestMethod codeBase="c:/users/leonardo/documents/visual studio 2010/Projects/ArtigoTDD_TCC/ArtigoTDD_TCC.Tests/bin/Debug/ArtigoTDD_TCC.Tests.DLL" adapterTypeName="Microsoft.VisualStudio.TestTools.TestTypes.Unit.UnitTestAdapter, Microsoft.VisualStudio.QualityTools.Tips.UnitTest.Adapter, Version=10.0.0.0, Culture=neutral, PublicKeyToken=b03f5f7f11d50a3a" className="ArtigoTDD_TCC.Tests.Dominio.Login_Testes, ArtigoTDD_TCC.Tests, Version=1.0.0.0, Culture=neutral, PublicKeyToken=null" name="Informar_usuario_e_ou_senha_invalidos_e_efetuar_falha_no_login" />
    </UnitTest>
  </TestDefinitions>
  <TestLists>
    <TestList name="Results Not in a List" id="8c84fa94-04c1-424b-9868-57a2d4851a1d" />
    <TestList name="All Loaded Results" id="19431567-8539-422a-85d7-44ee4e166bda" />
  </TestLists>
  <TestEntries>
    <TestEntry testId="9ce58a3a-6ac1-4335-0c94-9bf74f7f5c05" executionId="dcd7b910-97ad-4a1a-b377-d130b0742e96" testListId="8c84fa94-04c1-424b-9868-57a2d4851a1d" />
    <TestEntry testId="f0d27ebb-ab90-6625-a725-b12e034b23d1" executionId="cd61b721-507f-4053-aace-d8b7c7112f07" testListId="8c84fa94-04c1-424b-9868-57a2d4851a1d" />
  </TestEntries>
  <Results>
    <UnitTestResult executionId="dcd7b910-97ad-4a1a-b377-d130b0742e96" testId="9ce58a3a-6ac1-4335-0c94-9bf74f7f5c05" testName="Informar_usuario_e_senha_validos_e_efetuar_o_login" computerName="LEONARDO-PC" duration="00:00:00.4783374" startTime="2011-03-06T17:36:44.0446855-03:00" endTime="2011-03-06T17:36:45.0012330-03:00" testType="13cdc9d9-ddb5-4fa4-a97d-d965ccfc6d4b" outcome="Passed" testListId="8c84fa94-04c1-424b-9868-57a2d4851a1d" relativeResultsDirectory="dcd7b910-97ad-4a1a-b377-d130b0742e96">
    </UnitTestResult>
    <UnitTestResult executionId="cd61b721-507f-4053-aace-d8b7c7112f07" testId="f0d27ebb-ab90-6625-a725-b12e034b23d1" testName="Informar_usuario_e_ou_senha_invalidos_e_efetuar_falha_no_login" computerName="LEONARDO-PC" duration="00:00:00.0060821" startTime="2011-03-06T17:36:45.0072333-03:00" endTime="2011-03-06T17:36:45.0242343-03:00" testType="13cdc9d9-ddb5-4fa4-a97d-d965ccfc6d4b" outcome="Passed" testListId="8c84fa94-04c1-424b-9868-57a2d4851a1d" relativeResultsDirectory="cd61b721-507f-4053-aace-d8b7c7112f07">
    </UnitTestResult>
  </Results>
</TestRun>