<?xml version="1.0" encoding="UTF-8"?>
<TestRun id="76ec0055-392a-4fe8-a3db-bf9e928bf6b8" name="Leonardo@LEONARDO-PC 2011-03-06 17:58:19" runUser="Leonardo-PC\Leonardo" xmlns="http://microsoft.com/schemas/VisualStudio/TeamTest/2010">
  <TestSettings name="Default Test Settings" id="240bbd81-8870-44d6-af8d-bb1bd0bc6811">
    <Deployment runDeploymentRoot="Leonardo_LEONARDO-PC 2011-03-06 17_58_19">
      <DeploymentItem filename="c:\users\leonardo\documents\visual studio 2010\Projects\ArtigoTDD_TCC\ArtigoTDD_TCC\bin\ArtigoTDD_TCC.dll" />
      <DeploymentItem filename="c:\users\leonardo\documents\visual studio 2010\Projects\ArtigoTDD_TCC\packages\Moq.4.0.10827\lib\NET40\Moq.dll" />
    </Deployment>
    <Execution>
      <TestTypeSpecific />
      <AgentRule name="Execution Agents">
      </AgentRule>
    </Execution>
  </TestSettings>
  <Times creation="2011-03-06T17:58:19.7210970-03:00" queuing="2011-03-06T17:58:19.9251087-03:00" start="2011-03-06T17:58:19.9841120-03:00" finish="2011-03-06T17:58:21.2371837-03:00" />
  <ResultSummary outcome="Failed">
    <Counters total="3" executed="3" passed="2" error="0" failed="1" timeout="0" aborted="0" inconclusive="0" passedButRunAborted="0" notRunnable="0" notExecuted="0" disconnected="0" warning="0" completed="0" inProgress="0" pending="0" />
  </ResultSummary>
  <TestDefinitions>
    <UnitTest name="Informar_usuario_e_ou_senha_em_branco_ou_null_e_retornar_exception" storage="c:\users\leonardo\documents\visual studio 2010\projects\artigotdd_tcc\artigotdd_tcc.tests\bin\debug\artigotdd_tcc.tests.dll" id="44ce6f3f-3b54-4144-8d33-c4bfbf80afcf">
      <Execution id="cb3ab6a1-c9d1-4e5c-89e4-a6dbff8d3956" />
      <TestMethod codeBase="c:/users/leonardo/documents/visual studio 2010/Projects/ArtigoTDD_TCC/ArtigoTDD_TCC.Tests/bin/Debug/ArtigoTDD_TCC.Tests.DLL" adapterTypeName="Microsoft.VisualStudio.TestTools.TestTypes.Unit.UnitTestAdapter, Microsoft.VisualStudio.QualityTools.Tips.UnitTest.Adapter, Version=10.0.0.0, Culture=neutral, PublicKeyToken=b03f5f7f11d50a3a" className="ArtigoTDD_TCC.Tests.Dominio.Login_Testes, ArtigoTDD_TCC.Tests, Version=1.0.0.0, Culture=neutral, PublicKeyToken=null" name="Informar_usuario_e_ou_senha_em_branco_ou_null_e_retornar_exception" />
    </UnitTest>
    <UnitTest name="Informar_usuario_e_senha_validos_e_efetuar_o_login" storage="c:\users\leonardo\documents\visual studio 2010\projects\artigotdd_tcc\artigotdd_tcc.tests\bin\debug\artigotdd_tcc.tests.dll" id="9ce58a3a-6ac1-4335-0c94-9bf74f7f5c05">
      <Execution id="7b497758-e683-43bc-a2f5-c3455f761a10" />
      <TestMethod codeBase="c:/users/leonardo/documents/visual studio 2010/Projects/ArtigoTDD_TCC/ArtigoTDD_TCC.Tests/bin/Debug/ArtigoTDD_TCC.Tests.DLL" adapterTypeName="Microsoft.VisualStudio.TestTools.TestTypes.Unit.UnitTestAdapter, Microsoft.VisualStudio.QualityTools.Tips.UnitTest.Adapter, Version=10.0.0.0, Culture=neutral, PublicKeyToken=b03f5f7f11d50a3a" className="ArtigoTDD_TCC.Tests.Dominio.Login_Testes, ArtigoTDD_TCC.Tests, Version=1.0.0.0, Culture=neutral, PublicKeyToken=null" name="Informar_usuario_e_senha_validos_e_efetuar_o_login" />
    </UnitTest>
    <UnitTest name="Informar_usuario_e_ou_senha_invalidos_e_efetuar_falha_no_login" storage="c:\users\leonardo\documents\visual studio 2010\projects\artigotdd_tcc\artigotdd_tcc.tests\bin\debug\artigotdd_tcc.tests.dll" id="f0d27ebb-ab90-6625-a725-b12e034b23d1">
      <Execution id="2c80508f-4692-4e7d-a52a-6d65cf08746e" />
      <TestMethod codeBase="c:/users/leonardo/documents/visual studio 2010/Projects/ArtigoTDD_TCC/ArtigoTDD_TCC.Tests/bin/Debug/ArtigoTDD_TCC.Tests.DLL" adapterTypeName="Microsoft.VisualStudio.TestTools.TestTypes.Unit.UnitTestAdapter, Microsoft.VisualStudio.QualityTools.Tips.UnitTest.Adapter, Version=10.0.0.0, Culture=neutral, PublicKeyToken=b03f5f7f11d50a3a" className="ArtigoTDD_TCC.Tests.Dominio.Login_Testes, ArtigoTDD_TCC.Tests, Version=1.0.0.0, Culture=neutral, PublicKeyToken=null" name="Informar_usuario_e_ou_senha_invalidos_e_efetuar_falha_no_login" />
    </UnitTest>
  </TestDefinitions>
  <TestLists>
    <TestList name="Results Not in a List" id="8c84fa94-04c1-424b-9868-57a2d4851a1d" />
    <TestList name="All Loaded Results" id="19431567-8539-422a-85d7-44ee4e166bda" />
  </TestLists>
  <TestEntries>
    <TestEntry testId="44ce6f3f-3b54-4144-8d33-c4bfbf80afcf" executionId="cb3ab6a1-c9d1-4e5c-89e4-a6dbff8d3956" testListId="8c84fa94-04c1-424b-9868-57a2d4851a1d" />
    <TestEntry testId="9ce58a3a-6ac1-4335-0c94-9bf74f7f5c05" executionId="7b497758-e683-43bc-a2f5-c3455f761a10" testListId="8c84fa94-04c1-424b-9868-57a2d4851a1d" />
    <TestEntry testId="f0d27ebb-ab90-6625-a725-b12e034b23d1" executionId="2c80508f-4692-4e7d-a52a-6d65cf08746e" testListId="8c84fa94-04c1-424b-9868-57a2d4851a1d" />
  </TestEntries>
  <Results>
    <UnitTestResult executionId="cb3ab6a1-c9d1-4e5c-89e4-a6dbff8d3956" testId="44ce6f3f-3b54-4144-8d33-c4bfbf80afcf" testName="Informar_usuario_e_ou_senha_em_branco_ou_null_e_retornar_exception" computerName="LEONARDO-PC" duration="00:00:00.0534062" startTime="2011-03-06T17:58:20.0221142-03:00" endTime="2011-03-06T17:58:20.6891524-03:00" testType="13cdc9d9-ddb5-4fa4-a97d-d965ccfc6d4b" outcome="Failed" testListId="8c84fa94-04c1-424b-9868-57a2d4851a1d" relativeResultsDirectory="cb3ab6a1-c9d1-4e5c-89e4-a6dbff8d3956">
      <Output>
        <ErrorInfo>
          <Message>Test method ArtigoTDD_TCC.Tests.Dominio.Login_Testes.Informar_usuario_e_ou_senha_em_branco_ou_null_e_retornar_exception did not throw expected exception System.Exception.</Message>
        </ErrorInfo>
      </Output>
    </UnitTestResult>
    <UnitTestResult executionId="7b497758-e683-43bc-a2f5-c3455f761a10" testId="9ce58a3a-6ac1-4335-0c94-9bf74f7f5c05" testName="Informar_usuario_e_senha_validos_e_efetuar_o_login" computerName="LEONARDO-PC" duration="00:00:00.4533614" startTime="2011-03-06T17:58:20.6961528-03:00" endTime="2011-03-06T17:58:21.1591793-03:00" testType="13cdc9d9-ddb5-4fa4-a97d-d965ccfc6d4b" outcome="Passed" testListId="8c84fa94-04c1-424b-9868-57a2d4851a1d" relativeResultsDirectory="7b497758-e683-43bc-a2f5-c3455f761a10">
    </UnitTestResult>
    <UnitTestResult executionId="2c80508f-4692-4e7d-a52a-6d65cf08746e" testId="f0d27ebb-ab90-6625-a725-b12e034b23d1" testName="Informar_usuario_e_ou_senha_invalidos_e_efetuar_falha_no_login" computerName="LEONARDO-PC" duration="00:00:00.0056913" startTime="2011-03-06T17:58:21.1651796-03:00" endTime="2011-03-06T17:58:21.1811805-03:00" testType="13cdc9d9-ddb5-4fa4-a97d-d965ccfc6d4b" outcome="Passed" testListId="8c84fa94-04c1-424b-9868-57a2d4851a1d" relativeResultsDirectory="2c80508f-4692-4e7d-a52a-6d65cf08746e">
    </UnitTestResult>
  </Results>
</TestRun>