<?xml version="1.0" encoding="UTF-8"?>
<TestRun id="c3b87d6e-11ac-40ee-842c-186e675d30bd" name="Leonardo@LEONARDO-PC 2011-03-06 16:03:30" runUser="Leonardo-PC\Leonardo" xmlns="http://microsoft.com/schemas/VisualStudio/TeamTest/2010">
  <TestSettings name="Default Test Settings" id="e59b9ff7-a45f-4c2f-b348-c168002c78dc">
    <Deployment runDeploymentRoot="Leonardo_LEONARDO-PC 2011-03-06 16_03_30">
      <DeploymentItem filename="c:\users\leonardo\documents\visual studio 2010\Projects\ArtigoTDD_TCC\ArtigoTDD_TCC\bin\ArtigoTDD_TCC.dll" />
    </Deployment>
    <Execution>
      <TestTypeSpecific />
      <AgentRule name="Execution Agents">
      </AgentRule>
    </Execution>
  </TestSettings>
  <Times creation="2011-03-06T16:03:30.2392563-03:00" queuing="2011-03-06T16:03:30.4562687-03:00" start="2011-03-06T16:03:30.4852704-03:00" finish="2011-03-06T16:03:31.4823274-03:00" />
  <ResultSummary outcome="Completed">
    <Counters total="1" executed="1" passed="1" error="0" failed="0" timeout="0" aborted="0" inconclusive="0" passedButRunAborted="0" notRunnable="0" notExecuted="0" disconnected="0" warning="0" completed="0" inProgress="0" pending="0" />
  </ResultSummary>
  <TestDefinitions>
    <UnitTest name="Informar_usuario_e_senha_validos_e_efetuar_o_login" storage="c:\users\leonardo\documents\visual studio 2010\projects\artigotdd_tcc\artigotdd_tcc.tests\bin\debug\artigotdd_tcc.tests.dll" id="9ce58a3a-6ac1-4335-0c94-9bf74f7f5c05">
      <Execution id="d9cac0fe-39bc-4c41-93cc-d7de3f3d8fbb" />
      <TestMethod codeBase="c:/users/leonardo/documents/visual studio 2010/Projects/ArtigoTDD_TCC/ArtigoTDD_TCC.Tests/bin/Debug/ArtigoTDD_TCC.Tests.DLL" adapterTypeName="Microsoft.VisualStudio.TestTools.TestTypes.Unit.UnitTestAdapter, Microsoft.VisualStudio.QualityTools.Tips.UnitTest.Adapter, Version=10.0.0.0, Culture=neutral, PublicKeyToken=b03f5f7f11d50a3a" className="ArtigoTDD_TCC.Tests.Dominio.Login_Testes, ArtigoTDD_TCC.Tests, Version=1.0.0.0, Culture=neutral, PublicKeyToken=null" name="Informar_usuario_e_senha_validos_e_efetuar_o_login" />
    </UnitTest>
  </TestDefinitions>
  <TestLists>
    <TestList name="Results Not in a List" id="8c84fa94-04c1-424b-9868-57a2d4851a1d" />
    <TestList name="All Loaded Results" id="19431567-8539-422a-85d7-44ee4e166bda" />
  </TestLists>
  <TestEntries>
    <TestEntry testId="9ce58a3a-6ac1-4335-0c94-9bf74f7f5c05" executionId="d9cac0fe-39bc-4c41-93cc-d7de3f3d8fbb" testListId="8c84fa94-04c1-424b-9868-57a2d4851a1d" />
  </TestEntries>
  <Results>
    <UnitTestResult executionId="d9cac0fe-39bc-4c41-93cc-d7de3f3d8fbb" testId="9ce58a3a-6ac1-4335-0c94-9bf74f7f5c05" testName="Informar_usuario_e_senha_validos_e_efetuar_o_login" computerName="LEONARDO-PC" duration="00:00:00.0259600" startTime="2011-03-06T16:03:30.5112719-03:00" endTime="2011-03-06T16:03:31.1143064-03:00" testType="13cdc9d9-ddb5-4fa4-a97d-d965ccfc6d4b" outcome="Passed" testListId="8c84fa94-04c1-424b-9868-57a2d4851a1d" relativeResultsDirectory="d9cac0fe-39bc-4c41-93cc-d7de3f3d8fbb">
    </UnitTestResult>
  </Results>
</TestRun>