<?xml version="1.0" encoding="UTF-8"?>
<TestRun id="68d12f69-b939-49b5-93e0-e8e57116cdc9" name="Leonardo@LEONARDO-PC 2011-03-06 19:02:02" runUser="Leonardo-PC\Leonardo" xmlns="http://microsoft.com/schemas/VisualStudio/TeamTest/2010">
  <TestSettings name="Default Test Settings" id="aa84da54-343d-4e6a-b455-52528000e2b1">
    <Deployment runDeploymentRoot="Leonardo_LEONARDO-PC 2011-03-06 19_02_02">
      <DeploymentItem filename="c:\users\leonardo\documents\visual studio 2010\Projects\ArtigoTDD_TCC\ArtigoTDD_TCC\bin\ArtigoTDD_TCC.dll" />
      <DeploymentItem filename="c:\users\leonardo\documents\visual studio 2010\Projects\ArtigoTDD_TCC\packages\Moq.4.0.10827\lib\NET40\Moq.dll" />
    </Deployment>
    <Execution>
      <TestTypeSpecific />
      <AgentRule name="Execution Agents">
      </AgentRule>
    </Execution>
  </TestSettings>
  <Times creation="2011-03-06T19:02:02.7362689-03:00" queuing="2011-03-06T19:02:02.9742825-03:00" start="2011-03-06T19:02:03.0182850-03:00" finish="2011-03-06T19:02:04.2783571-03:00" />
  <ResultSummary outcome="Failed">
    <Counters total="4" executed="4" passed="3" error="0" failed="1" timeout="0" aborted="0" inconclusive="0" passedButRunAborted="0" notRunnable="0" notExecuted="0" disconnected="0" warning="0" completed="0" inProgress="0" pending="0" />
  </ResultSummary>
  <TestDefinitions>
    <UnitTest name="Informar_Usuario_E_Efetuar_Logoff" storage="c:\users\leonardo\documents\visual studio 2010\projects\artigotdd_tcc\artigotdd_tcc.tests\bin\debug\artigotdd_tcc.tests.dll" id="ad8bd9d5-5cb5-c94b-be17-dffd70a4919f">
      <Execution id="739ec509-63de-4ae1-b78a-da51d239a175" />
      <TestMethod codeBase="c:/users/leonardo/documents/visual studio 2010/Projects/ArtigoTDD_TCC/ArtigoTDD_TCC.Tests/bin/Debug/ArtigoTDD_TCC.Tests.DLL" adapterTypeName="Microsoft.VisualStudio.TestTools.TestTypes.Unit.UnitTestAdapter, Microsoft.VisualStudio.QualityTools.Tips.UnitTest.Adapter, Version=10.0.0.0, Culture=neutral, PublicKeyToken=b03f5f7f11d50a3a" className="ArtigoTDD_TCC.Tests.Dominio.Login_Testes, ArtigoTDD_TCC.Tests, Version=1.0.0.0, Culture=neutral, PublicKeyToken=null" name="Informar_Usuario_E_Efetuar_Logoff" />
    </UnitTest>
    <UnitTest name="Informar_usuario_e_ou_senha_em_branco_ou_null_e_retornar_exception" storage="c:\users\leonardo\documents\visual studio 2010\projects\artigotdd_tcc\artigotdd_tcc.tests\bin\debug\artigotdd_tcc.tests.dll" id="44ce6f3f-3b54-4144-8d33-c4bfbf80afcf">
      <Execution id="92bdab59-c21a-4734-8c8c-e69e617ac8ac" />
      <TestMethod codeBase="c:/users/leonardo/documents/visual studio 2010/Projects/ArtigoTDD_TCC/ArtigoTDD_TCC.Tests/bin/Debug/ArtigoTDD_TCC.Tests.DLL" adapterTypeName="Microsoft.VisualStudio.TestTools.TestTypes.Unit.UnitTestAdapter, Microsoft.VisualStudio.QualityTools.Tips.UnitTest.Adapter, Version=10.0.0.0, Culture=neutral, PublicKeyToken=b03f5f7f11d50a3a" className="ArtigoTDD_TCC.Tests.Dominio.Login_Testes, ArtigoTDD_TCC.Tests, Version=1.0.0.0, Culture=neutral, PublicKeyToken=null" name="Informar_usuario_e_ou_senha_em_branco_ou_null_e_retornar_exception" />
    </UnitTest>
    <UnitTest name="Informar_usuario_e_senha_validos_e_efetuar_o_login" storage="c:\users\leonardo\documents\visual studio 2010\projects\artigotdd_tcc\artigotdd_tcc.tests\bin\debug\artigotdd_tcc.tests.dll" id="9ce58a3a-6ac1-4335-0c94-9bf74f7f5c05">
      <Execution id="35a071b5-296f-4c6f-a913-fb5e58134c01" />
      <TestMethod codeBase="c:/users/leonardo/documents/visual studio 2010/Projects/ArtigoTDD_TCC/ArtigoTDD_TCC.Tests/bin/Debug/ArtigoTDD_TCC.Tests.DLL" adapterTypeName="Microsoft.VisualStudio.TestTools.TestTypes.Unit.UnitTestAdapter, Microsoft.VisualStudio.QualityTools.Tips.UnitTest.Adapter, Version=10.0.0.0, Culture=neutral, PublicKeyToken=b03f5f7f11d50a3a" className="ArtigoTDD_TCC.Tests.Dominio.Login_Testes, ArtigoTDD_TCC.Tests, Version=1.0.0.0, Culture=neutral, PublicKeyToken=null" name="Informar_usuario_e_senha_validos_e_efetuar_o_login" />
    </UnitTest>
    <UnitTest name="Informar_usuario_e_ou_senha_invalidos_e_efetuar_falha_no_login" storage="c:\users\leonardo\documents\visual studio 2010\projects\artigotdd_tcc\artigotdd_tcc.tests\bin\debug\artigotdd_tcc.tests.dll" id="f0d27ebb-ab90-6625-a725-b12e034b23d1">
      <Execution id="d3293b80-5195-4763-afe1-22169bbc609f" />
      <TestMethod codeBase="c:/users/leonardo/documents/visual studio 2010/Projects/ArtigoTDD_TCC/ArtigoTDD_TCC.Tests/bin/Debug/ArtigoTDD_TCC.Tests.DLL" adapterTypeName="Microsoft.VisualStudio.TestTools.TestTypes.Unit.UnitTestAdapter, Microsoft.VisualStudio.QualityTools.Tips.UnitTest.Adapter, Version=10.0.0.0, Culture=neutral, PublicKeyToken=b03f5f7f11d50a3a" className="ArtigoTDD_TCC.Tests.Dominio.Login_Testes, ArtigoTDD_TCC.Tests, Version=1.0.0.0, Culture=neutral, PublicKeyToken=null" name="Informar_usuario_e_ou_senha_invalidos_e_efetuar_falha_no_login" />
    </UnitTest>
  </TestDefinitions>
  <TestLists>
    <TestList name="Results Not in a List" id="8c84fa94-04c1-424b-9868-57a2d4851a1d" />
    <TestList name="All Loaded Results" id="19431567-8539-422a-85d7-44ee4e166bda" />
  </TestLists>
  <TestEntries>
    <TestEntry testId="44ce6f3f-3b54-4144-8d33-c4bfbf80afcf" executionId="92bdab59-c21a-4734-8c8c-e69e617ac8ac" testListId="8c84fa94-04c1-424b-9868-57a2d4851a1d" />
    <TestEntry testId="9ce58a3a-6ac1-4335-0c94-9bf74f7f5c05" executionId="35a071b5-296f-4c6f-a913-fb5e58134c01" testListId="8c84fa94-04c1-424b-9868-57a2d4851a1d" />
    <TestEntry testId="ad8bd9d5-5cb5-c94b-be17-dffd70a4919f" executionId="739ec509-63de-4ae1-b78a-da51d239a175" testListId="8c84fa94-04c1-424b-9868-57a2d4851a1d" />
    <TestEntry testId="f0d27ebb-ab90-6625-a725-b12e034b23d1" executionId="d3293b80-5195-4763-afe1-22169bbc609f" testListId="8c84fa94-04c1-424b-9868-57a2d4851a1d" />
  </TestEntries>
  <Results>
    <UnitTestResult executionId="92bdab59-c21a-4734-8c8c-e69e617ac8ac" testId="44ce6f3f-3b54-4144-8d33-c4bfbf80afcf" testName="Informar_usuario_e_ou_senha_em_branco_ou_null_e_retornar_exception" computerName="LEONARDO-PC" duration="00:00:00.4690195" startTime="2011-03-06T19:02:03.0662877-03:00" endTime="2011-03-06T19:02:04.0983468-03:00" testType="13cdc9d9-ddb5-4fa4-a97d-d965ccfc6d4b" outcome="Passed" testListId="8c84fa94-04c1-424b-9868-57a2d4851a1d" relativeResultsDirectory="92bdab59-c21a-4734-8c8c-e69e617ac8ac">
    </UnitTestResult>
    <UnitTestResult executionId="35a071b5-296f-4c6f-a913-fb5e58134c01" testId="9ce58a3a-6ac1-4335-0c94-9bf74f7f5c05" testName="Informar_usuario_e_senha_validos_e_efetuar_o_login" computerName="LEONARDO-PC" duration="00:00:00.0272783" startTime="2011-03-06T19:02:04.1083473-03:00" endTime="2011-03-06T19:02:04.1533499-03:00" testType="13cdc9d9-ddb5-4fa4-a97d-d965ccfc6d4b" outcome="Passed" testListId="8c84fa94-04c1-424b-9868-57a2d4851a1d" relativeResultsDirectory="35a071b5-296f-4c6f-a913-fb5e58134c01">
    </UnitTestResult>
    <UnitTestResult executionId="739ec509-63de-4ae1-b78a-da51d239a175" testId="ad8bd9d5-5cb5-c94b-be17-dffd70a4919f" testName="Informar_Usuario_E_Efetuar_Logoff" computerName="LEONARDO-PC" duration="00:00:00.0408357" startTime="2011-03-06T19:02:04.1563501-03:00" endTime="2011-03-06T19:02:04.2133533-03:00" testType="13cdc9d9-ddb5-4fa4-a97d-d965ccfc6d4b" outcome="Failed" testListId="8c84fa94-04c1-424b-9868-57a2d4851a1d" relativeResultsDirectory="739ec509-63de-4ae1-b78a-da51d239a175">
      <Output>
        <ErrorInfo>
          <Message>Test method ArtigoTDD_TCC.Tests.Dominio.Login_Testes.Informar_Usuario_E_Efetuar_Logoff threw exception: 
System.NotImplementedException: The method or operation is not implemented.</Message>
          <StackTrace>    at ArtigoTDD_TCC.Tests.Dominio.Login.Desconectar(String usuario) in c:\users\leonardo\documents\visual studio 2010\Projects\ArtigoTDD_TCC\ArtigoTDD_TCC.Tests\Dominio\Login.cs:line 30
   at ArtigoTDD_TCC.Tests.Dominio.Login_Testes.Informar_Usuario_E_Efetuar_Logoff() in c:\users\leonardo\documents\visual studio 2010\Projects\ArtigoTDD_TCC\ArtigoTDD_TCC.Tests\Dominio\Login_Testes.cs:line 32
</StackTrace>
        </ErrorInfo>
      </Output>
    </UnitTestResult>
    <UnitTestResult executionId="d3293b80-5195-4763-afe1-22169bbc609f" testId="f0d27ebb-ab90-6625-a725-b12e034b23d1" testName="Informar_usuario_e_ou_senha_invalidos_e_efetuar_falha_no_login" computerName="LEONARDO-PC" duration="00:00:00.0112543" startTime="2011-03-06T19:02:04.2163535-03:00" endTime="2011-03-06T19:02:04.2403549-03:00" testType="13cdc9d9-ddb5-4fa4-a97d-d965ccfc6d4b" outcome="Passed" testListId="8c84fa94-04c1-424b-9868-57a2d4851a1d" relativeResultsDirectory="d3293b80-5195-4763-afe1-22169bbc609f">
    </UnitTestResult>
  </Results>
</TestRun>